[
  {
    "timestamp": "2026-01-25",
    "DDR4 16GB": {
      "max": 230500,
      "min": 208450,
      "med": 220400.0,
      "std": 6269.02
    },
    "DDR4 8GB": {
      "max": 111150,
      "min": 109200,
      "med": 109550.0,
      "std": 1125.83
    },
    "DDR5 16GB": {
      "max": 390550,
      "min": 337600,
      "med": 380000.0,
      "std": 19591.92
    }
  },
  {
    "timestamp": "2026-01-26",
    "DDR4 16GB": {
      "max": 231300,
      "min": 200500,
      "med": 220150.0,
      "std": 8518.93
    },
    "DDR4 8GB": {
      "max": 111500,
      "min": 103900,
      "med": 109550.0,
      "std": 3281.39
    },
    "DDR5 16GB": {
      "max": 391900,
      "min": 338750,
      "med": 381300.0,
      "std": 19665.19
    }
  },
  {
    "timestamp": "2026-01-27",
    "DDR4 16GB": {
      "max": 257800,
      "min": 193900,
      "med": 244250.0,
      "std": 19207.51
    },
    "DDR4 8GB": {
      "max": 129350,
      "min": 120300,
      "med": 126350.0,
      "std": 3798.11
    },
    "DDR5 16GB": {
      "max": 392550,
      "min": 339950,
      "med": 375150,
      "std": 18291.38
    }
  },
  {
    "timestamp": "2026-01-28",
    "DDR4 16GB": {
      "max": 257800,
      "min": 193900,
      "med": 244250.0,
      "std": 19109.1
    },
    "DDR4 8GB": {
      "max": 129350,
      "min": 120300,
      "med": 126350.0,
      "std": 3798.11
    },
    "DDR5 16GB": {
      "max": 399900,
      "min": 339950,
      "med": 365375.0,
      "std": 21651.21
    }
  },
  {
    "timestamp": "2026-01-29",
    "DDR4 16GB": {
      "max": 257800,
      "min": 193900,
      "med": 244250.0,
      "std": 19109.1
    },
    "DDR4 8GB": {
      "max": 129350,
      "min": 120300,
      "med": 126350.0,
      "std": 3798.11
    },
    "DDR5 16GB": {
      "max": 399900,
      "min": 339950,
      "med": 365375.0,
      "std": 21651.21
    }
  },
  {
    "timestamp": "2026-01-30",
    "DDR4 16GB": {
      "max": 257800,
      "min": 193900,
      "med": 228425.0,
      "std": 17418.11
    },
    "DDR4 8GB": {
      "max": 144550,
      "min": 107900,
      "med": 120300,
      "std": 11708.49
    },
    "DDR5 16GB": {
      "max": 399900,
      "min": 301400,
      "med": 367575.0,
      "std": 28588.55
    }
  },
  {
    "timestamp": "2026-01-31",
    "DDR4 16GB": {
      "max": 257800,
      "min": 193900,
      "med": 242225.0,
      "std": 18722.91
    },
    "DDR4 8GB": {
      "max": 144550,
      "min": 120300,
      "med": 126350,
      "std": 9095.85
    },
    "DDR5 16GB": {
      "max": 399900,
      "min": 339950,
      "med": 365375.0,
      "std": 21876.08
    }
  },
  {
    "timestamp": "2026-02-01",
    "DDR4 16GB": {
      "max": 257800,
      "min": 193900,
      "med": 244250.0,
      "std": 19109.1
    },
    "DDR4 8GB": {
      "max": 129350,
      "min": 120300,
      "med": 126350.0,
      "std": 3798.11
    },
    "DDR5 16GB": {
      "max": 399900,
      "min": 339950,
      "med": 360000,
      "std": 20674.74
    }
  },
  {
    "timestamp": "2026-02-02",
    "DDR4 16GB": {
      "max": 258650,
      "min": 194550,
      "med": 241550,
      "std": 18410.36
    },
    "DDR4 8GB": {
      "max": 129800,
      "min": 120700,
      "med": 126750.0,
      "std": 3814.66
    },
    "DDR5 16GB": {
      "max": 401250,
      "min": 341100,
      "med": 365450.0,
      "std": 24426.04
    }
  },
  {
    "timestamp": "2026-02-03",
    "DDR4 16GB": {
      "max": 258650,
      "min": 194550,
      "med": 245550,
      "std": 19787.74
    },
    "DDR4 8GB": {
      "max": 129800,
      "min": 120700,
      "med": 126750.0,
      "std": 3814.66
    },
    "DDR5 16GB": {
      "max": 401250,
      "min": 341100,
      "med": 356800,
      "std": 22840.26
    }
  },
  {
    "timestamp": "2026-02-04",
    "DDR4 16GB": {
      "max": 258650,
      "min": 194550,
      "med": 245550,
      "std": 19711.5
    },
    "DDR4 8GB": {
      "max": 128900,
      "min": 68200,
      "med": 126750,
      "std": 25929.36
    },
    "DDR5 16GB": {
      "max": 401250,
      "min": 328250,
      "med": 368470,
      "std": 25106.78
    }
  },
  {
    "timestamp": "2026-02-05",
    "DDR4 16GB": {
      "max": 258650,
      "min": 194550,
      "med": 243550.0,
      "std": 22662.51
    },
    "DDR4 8GB": {
      "max": 128900,
      "min": 126750,
      "med": 127745.0,
      "std": 1196.9
    },
    "DDR5 16GB": {
      "max": 401250,
      "min": 341100,
      "med": 376220.0,
      "std": 21894.12
    }
  },
  {
    "timestamp": "2026-02-06",
    "DDR4 16GB": {
      "max": 256900,
      "min": 193200,
      "med": 243900,
      "std": 19581.83
    },
    "DDR4 8GB": {
      "max": 128000,
      "min": 125900,
      "med": 126875.0,
      "std": 1170.74
    },
    "DDR5 16GB": {
      "max": 398550,
      "min": 338750,
      "med": 381700.0,
      "std": 22476.42
    }
  },
  {
    "timestamp": "2026-02-07",
    "DDR4 16GB": {
      "max": 256900,
      "min": 193200,
      "med": 243900,
      "std": 19581.83
    },
    "DDR4 8GB": {
      "max": 128000,
      "min": 125900,
      "med": 126875.0,
      "std": 1170.74
    },
    "DDR5 16GB": {
      "max": 392600,
      "min": 338750,
      "med": 381350,
      "std": 21867.04
    }
  },
  {
    "timestamp": "2026-02-08",
    "DDR4 16GB": {
      "max": 256900,
      "min": 193200,
      "med": 243900,
      "std": 19581.83
    },
    "DDR4 8GB": {
      "max": 128000,
      "min": 125900,
      "med": 126875.0,
      "std": 1170.74
    },
    "DDR5 16GB": {
      "max": 392600,
      "min": 338750,
      "med": 373650.0,
      "std": 21806.58
    }
  },
  {
    "timestamp": "2026-02-09",
    "DDR4 16GB": {
      "max": 255150,
      "min": 191900,
      "med": 242725.0,
      "std": 20367.39
    },
    "DDR4 8GB": {
      "max": 127150,
      "min": 125050,
      "med": 126025.0,
      "std": 1170.74
    },
    "DDR5 16GB": {
      "max": 393600,
      "min": 336450,
      "med": 371450.0,
      "std": 23543.82
    }
  },
  {
    "timestamp": "2026-02-10",
    "DDR4 16GB": {
      "max": 253400,
      "min": 190600,
      "med": 241050.0,
      "std": 20228.57
    },
    "DDR4 8GB": {
      "max": 126250,
      "min": 124200,
      "med": 125150.0,
      "std": 1141.91
    },
    "DDR5 16GB": {
      "max": 390900,
      "min": 334150,
      "med": 380300.0,
      "std": 22745.46
    }
  },
  {
    "timestamp": "2026-02-11",
    "DDR4 16GB": {
      "max": 253400,
      "min": 190600,
      "med": 241050.0,
      "std": 20228.57
    },
    "DDR4 8GB": {
      "max": 126250,
      "min": 124200,
      "med": 125150.0,
      "std": 1141.91
    },
    "DDR5 16GB": {
      "max": 409900,
      "min": 334150,
      "med": 387200,
      "std": 31449.72
    }
  },
  {
    "timestamp": "2026-02-12",
    "DDR4 16GB": {
      "max": 250750,
      "min": 188600,
      "med": 234150,
      "std": 20664.55
    },
    "DDR4 8GB": {
      "max": 124950,
      "min": 122900,
      "med": 123850.0,
      "std": 1141.91
    },
    "DDR5 16GB": {
      "max": 405650,
      "min": 330650,
      "med": 376150.0,
      "std": 26721.03
    }
  },
  {
    "timestamp": "2026-02-13",
    "DDR4 16GB": {
      "max": 249000,
      "min": 187250,
      "med": 232500,
      "std": 20489.79
    },
    "DDR4 8GB": {
      "max": 124100,
      "min": 122000,
      "med": 122950.0,
      "std": 1157.58
    },
    "DDR5 16GB": {
      "max": 403450,
      "min": 330800,
      "med": 380500,
      "std": 25286.37
    }
  },
  {
    "timestamp": "2026-02-14",
    "DDR4 16GB": {
      "max": 249850,
      "min": 187950,
      "med": 232225.0,
      "std": 21232.16
    },
    "DDR4 8GB": {
      "max": 124500,
      "min": 122450,
      "med": 123400.0,
      "std": 1141.91
    },
    "DDR5 16GB": {
      "max": 404850,
      "min": 331950,
      "med": 381600.0,
      "std": 24148.09
    }
  },
  {
    "timestamp": "2026-02-15",
    "DDR4 16GB": {
      "max": 249850,
      "min": 187950,
      "med": 233350,
      "std": 20543.4
    },
    "DDR4 8GB": {
      "max": 124500,
      "min": 122450,
      "med": 123400.0,
      "std": 1141.91
    },
    "DDR5 16GB": {
      "max": 404850,
      "min": 331950,
      "med": 381850,
      "std": 25368.08
    }
  },
  {
    "timestamp": "2026-02-16",
    "DDR4 16GB": {
      "max": 249850,
      "min": 187950,
      "med": 233350,
      "std": 20543.4
    },
    "DDR4 8GB": {
      "max": 124500,
      "min": 122450,
      "med": 123400.0,
      "std": 1141.91
    },
    "DDR5 16GB": {
      "max": 404850,
      "min": 331950,
      "med": 381850,
      "std": 25368.08
    }
  },
  {
    "timestamp": "2026-02-17",
    "DDR4 16GB": {
      "max": 249850,
      "min": 187950,
      "med": 233350,
      "std": 20543.4
    },
    "DDR4 8GB": {
      "max": 124500,
      "min": 122450,
      "med": 123400.0,
      "std": 1141.91
    },
    "DDR5 16GB": {
      "max": 404850,
      "min": 331950,
      "med": 381850,
      "std": 25368.08
    }
  },
  {
    "timestamp": "2026-02-18",
    "DDR4 16GB": {
      "max": 249850,
      "min": 223600,
      "med": 237725.0,
      "std": 9541.95
    },
    "DDR4 8GB": {
      "max": 124500,
      "min": 122450,
      "med": 123400.0,
      "std": 1141.91
    },
    "DDR5 16GB": {
      "max": 404850,
      "min": 331950,
      "med": 381850,
      "std": 25368.08
    }
  },
  {
    "timestamp": "2026-02-19",
    "DDR4 16GB": {
      "max": 249850,
      "min": 187950,
      "med": 233350,
      "std": 20543.4
    },
    "DDR4 8GB": {
      "max": 124500,
      "min": 122450,
      "med": 123400.0,
      "std": 1141.91
    },
    "DDR5 16GB": {
      "max": 421000,
      "min": 331950,
      "med": 388990,
      "std": 34106.54
    }
  },
  {
    "timestamp": "2026-02-20",
    "DDR4 16GB": {
      "max": 286700,
      "min": 222050,
      "med": 249175.0,
      "std": 18529.7
    },
    "DDR4 8GB": {
      "max": 123650,
      "min": 121600,
      "med": 122550.0,
      "std": 1141.91
    },
    "DDR5 16GB": {
      "max": 425150,
      "min": 329600,
      "med": 401350,
      "std": 33639.75
    }
  },
  {
    "timestamp": "2026-02-21",
    "DDR4 16GB": {
      "max": 286700,
      "min": 222050,
      "med": 249175.0,
      "std": 18529.7
    },
    "DDR4 8GB": {
      "max": 123650,
      "min": 121600,
      "med": 122550.0,
      "std": 1141.91
    },
    "DDR5 16GB": {
      "max": 425150,
      "min": 329600,
      "med": 414300,
      "std": 30943.64
    }
  },
  {
    "timestamp": "2026-02-22",
    "DDR4 16GB": {
      "max": 286700,
      "min": 222050,
      "med": 249175.0,
      "std": 18529.7
    },
    "DDR4 8GB": {
      "max": 123650,
      "min": 121600,
      "med": 122550.0,
      "std": 1141.91
    },
    "DDR5 16GB": {
      "max": 425150,
      "min": 329600,
      "med": 414400.0,
      "std": 32078.52
    }
  },
  {
    "timestamp": "2026-02-23",
    "DDR4 16GB": {
      "max": 282650,
      "min": 218900,
      "med": 238225.0,
      "std": 17198.79
    },
    "DDR4 8GB": {
      "max": 121900,
      "min": 119850,
      "med": 120800.0,
      "std": 1141.91
    },
    "DDR5 16GB": {
      "max": 413700,
      "min": 320300,
      "med": 405325.0,
      "std": 31272.78
    }
  },
  {
    "timestamp": "2026-02-24",
    "DDR4 16GB": {
      "max": 262430,
      "min": 218900,
      "med": 237900,
      "std": 11289.76
    },
    "DDR4 8GB": {
      "max": 121900,
      "min": 119850,
      "med": 120800.0,
      "std": 1141.91
    },
    "DDR5 16GB": {
      "max": 419080,
      "min": 320300,
      "med": 408450,
      "std": 33081.28
    }
  },
  {
    "timestamp": "2026-02-25",
    "DDR4 16GB": {
      "max": 264300,
      "min": 220450,
      "med": 238650,
      "std": 11615.76
    },
    "DDR4 8GB": {
      "max": 122750,
      "min": 99300,
      "med": 120750,
      "std": 10069.42
    },
    "DDR5 16GB": {
      "max": 422100,
      "min": 307700,
      "med": 410475.0,
      "std": 38595.75
    }
  },
  {
    "timestamp": "2026-02-26",
    "DDR4 16GB": {
      "max": 270950,
      "min": 197050,
      "med": 241000,
      "std": 18025.84
    },
    "DDR4 8GB": {
      "max": 125850,
      "min": 101750,
      "med": 123750,
      "std": 10334.65
    },
    "DDR5 16GB": {
      "max": 432650,
      "min": 315400,
      "med": 418475.0,
      "std": 46224.73
    }
  },
  {
    "timestamp": "2026-02-27",
    "DDR4 16GB": {
      "max": 270950,
      "min": 197050,
      "med": 242825.0,
      "std": 16552.73
    },
    "DDR4 8GB": {
      "max": 125850,
      "min": 101750,
      "med": 123750,
      "std": 10334.65
    },
    "DDR5 16GB": {
      "max": 505100,
      "min": 279700,
      "med": 407725.0,
      "std": 65913.75
    }
  },
  {
    "timestamp": "2026-02-28",
    "DDR4 16GB": {
      "max": 270950,
      "min": 197050,
      "med": 244650,
      "std": 16056.22
    },
    "DDR4 8GB": {
      "max": 125850,
      "min": 101750,
      "med": 123750,
      "std": 10334.65
    },
    "DDR5 16GB": {
      "max": 505100,
      "min": 315400,
      "med": 421650,
      "std": 64775.47
    }
  },
  {
    "timestamp": "2026-03-01",
    "DDR4 16GB": {
      "max": 270950,
      "min": 197050,
      "med": 242825.0,
      "std": 16552.73
    },
    "DDR4 8GB": {
      "max": 125850,
      "min": 101750,
      "med": 123750,
      "std": 10334.65
    },
    "DDR5 16GB": {
      "max": 505100,
      "min": 315400,
      "med": 421650,
      "std": 64775.47
    }
  },
  {
    "timestamp": "2026-03-02",
    "DDR4 16GB": {
      "max": 270950,
      "min": 197050,
      "med": 242825.0,
      "std": 16552.73
    },
    "DDR4 8GB": {
      "max": 125850,
      "min": 101750,
      "med": 123750,
      "std": 10334.65
    },
    "DDR5 16GB": {
      "max": 505100,
      "min": 315400,
      "med": 408625.0,
      "std": 64102.74
    }
  },
  {
    "timestamp": "2026-03-03",
    "DDR4 16GB": {
      "max": 270950,
      "min": 197050,
      "med": 242825.0,
      "std": 17162.82
    },
    "DDR4 8GB": {
      "max": 125850,
      "min": 101750,
      "med": 123750,
      "std": 10334.65
    },
    "DDR5 16GB": {
      "max": 432650,
      "min": 315400,
      "med": 394350.0,
      "std": 44413.12
    }
  }
]